# JRE version: OpenJDK Runtime Environment Temurin-17.0.2+8 (17.0.2+8) (build 17.0.2+8)
# Java VM: OpenJDK 64-Bit Server VM Temurin-17.0.2+8 (17.0.2+8, mixed mode, tiered, compressed oops, compressed class ptrs, g1 gc, windows-amd64)
GC Precious Log:
 CPUs: 4 total, 4 available
 Memory: 8143M
 Large Page Support: Disabled
 NUMA Support: Disabled
 Compressed Oops: Enabled (32-bit)
 Heap Region Size: 1M
 Heap Min Capacity: 8M
 Heap Initial Capacity: 128M
 Heap Max Capacity: 2036M
 Pre-touch: Disabled
 Parallel Workers: 4
 Concurrent Workers: 1
 Concurrent Refinement Workers: 4
 Periodic GC: Disabled
Heap:
 garbage-first heap   total 98304K, used 67529K [0x0000000080c00000, 0x0000000100000000)
  region size 1024K, 36 young (36864K), 7 survivors (7168K)
 Metaspace       used 80793K, committed 81344K, reserved 1122304K
  class space    used 10030K, committed 10304K, reserved 1048576K
GC Heap History (20 events):
Event: 11.371 GC heap before
{Heap before GC invocations=16 (full 0):
 garbage-first heap   total 81920K, used 31944K [0x0000000080c00000, 0x0000000100000000)
  region size 1024K, 9 young (9216K), 1 survivors (1024K)
 Metaspace       used 59989K, committed 60288K, reserved 1105920K
  class space    used 7567K, committed 7744K, reserved 1048576K
}
Event: 11.375 GC heap after
{Heap after GC invocations=17 (full 0):
 garbage-first heap   total 81920K, used 24940K [0x0000000080c00000, 0x0000000100000000)
  region size 1024K, 2 young (2048K), 2 survivors (2048K)
 Metaspace       used 59989K, committed 60288K, reserved 1105920K
  class space    used 7567K, committed 7744K, reserved 1048576K
}
Event: 12.152 GC heap before
{Heap before GC invocations=18 (full 0):
 garbage-first heap   total 81920K, used 64876K [0x0000000080c00000, 0x0000000100000000)
  region size 1024K, 41 young (41984K), 2 survivors (2048K)
 Metaspace       used 63084K, committed 63424K, reserved 1105920K
  class space    used 7934K, committed 8128K, reserved 1048576K
}
Event: 12.157 GC heap after
{Heap after GC invocations=19 (full 0):
 garbage-first heap   total 81920K, used 26587K [0x0000000080c00000, 0x0000000100000000)
  region size 1024K, 3 young (3072K), 3 survivors (3072K)
 Metaspace       used 63084K, committed 63424K, reserved 1105920K
  class space    used 7934K, committed 8128K, reserved 1048576K
}
Event: 12.269 GC heap before
{Heap before GC invocations=19 (full 0):
 garbage-first heap   total 81920K, used 27611K [0x0000000080c00000, 0x0000000100000000)
  region size 1024K, 4 young (4096K), 3 survivors (3072K)
 Metaspace       used 63108K, committed 63488K, reserved 1105920K
  class space    used 7934K, committed 8128K, reserved 1048576K
}
Event: 12.275 GC heap after
{Heap after GC invocations=20 (full 0):
 garbage-first heap   total 81920K, used 26787K [0x0000000080c00000, 0x0000000100000000)
  region size 1024K, 1 young (1024K), 1 survivors (1024K)
 Metaspace       used 63108K, committed 63488K, reserved 1105920K
  class space    used 7934K, committed 8128K, reserved 1048576K
}
Event: 12.884 GC heap before
{Heap before GC invocations=20 (full 0):
 garbage-first heap   total 81920K, used 65699K [0x0000000080c00000, 0x0000000100000000)
  region size 1024K, 39 young (39936K), 1 survivors (1024K)
 Metaspace       used 67028K, committed 67456K, reserved 1114112K
  class space    used 8447K, committed 8640K, reserved 1048576K
}
Event: 12.889 GC heap after
{Heap after GC invocations=21 (full 0):
 garbage-first heap   total 81920K, used 29974K [0x0000000080c00000, 0x0000000100000000)
  region size 1024K, 4 young (4096K), 4 survivors (4096K)
 Metaspace       used 67028K, committed 67456K, reserved 1114112K
  class space    used 8447K, committed 8640K, reserved 1048576K
}
Event: 13.148 GC heap before
{Heap before GC invocations=21 (full 0):
 garbage-first heap   total 81920K, used 64790K [0x0000000080c00000, 0x0000000100000000)
  region size 1024K, 38 young (38912K), 4 survivors (4096K)
 Metaspace       used 68700K, committed 69120K, reserved 1114112K
  class space    used 8643K, committed 8832K, reserved 1048576K
}
Event: 13.151 GC heap after
{Heap after GC invocations=22 (full 0):
 garbage-first heap   total 81920K, used 31482K [0x0000000080c00000, 0x0000000100000000)
  region size 1024K, 2 young (2048K), 2 survivors (2048K)
 Metaspace       used 68700K, committed 69120K, reserved 1114112K
  class space    used 8643K, committed 8832K, reserved 1048576K
}
Event: 13.324 GC heap before
{Heap before GC invocations=22 (full 0):
 garbage-first heap   total 81920K, used 65274K [0x0000000080c00000, 0x0000000100000000)
  region size 1024K, 35 young (35840K), 2 survivors (2048K)
 Metaspace       used 69125K, committed 69568K, reserved 1114112K
  class space    used 8666K, committed 8896K, reserved 1048576K
}
Event: 13.328 GC heap after
{Heap after GC invocations=23 (full 0):
 garbage-first heap   total 81920K, used 32427K [0x0000000080c00000, 0x0000000100000000)
  region size 1024K, 3 young (3072K), 3 survivors (3072K)
 Metaspace       used 69125K, committed 69568K, reserved 1114112K
  class space    used 8666K, committed 8896K, reserved 1048576K
}
Event: 13.485 GC heap before
{Heap before GC invocations=23 (full 0):
 garbage-first heap   total 81920K, used 66219K [0x0000000080c00000, 0x0000000100000000)
  region size 1024K, 36 young (36864K), 3 survivors (3072K)
 Metaspace       used 69596K, committed 70016K, reserved 1114112K
  class space    used 8694K, committed 8896K, reserved 1048576K
}
Event: 13.488 GC heap after
{Heap after GC invocations=24 (full 0):
 garbage-first heap   total 98304K, used 33298K [0x0000000080c00000, 0x0000000100000000)
  region size 1024K, 4 young (4096K), 4 survivors (4096K)
 Metaspace       used 69596K, committed 70016K, reserved 1114112K
  class space    used 8694K, committed 8896K, reserved 1048576K
}
Event: 13.693 GC heap before
{Heap before GC invocations=24 (full 0):
 garbage-first heap   total 98304K, used 79378K [0x0000000080c00000, 0x0000000100000000)
  region size 1024K, 49 young (50176K), 4 survivors (4096K)
 Metaspace       used 70363K, committed 70848K, reserved 1114112K
  class space    used 8753K, committed 8960K, reserved 1048576K
}
Event: 13.697 GC heap after
{Heap after GC invocations=25 (full 0):
 garbage-first heap   total 98304K, used 34888K [0x0000000080c00000, 0x0000000100000000)
  region size 1024K, 5 young (5120K), 5 survivors (5120K)
 Metaspace       used 70363K, committed 70848K, reserved 1114112K
  class space    used 8753K, committed 8960K, reserved 1048576K
}
Event: 13.868 GC heap before
{Heap before GC invocations=25 (full 0):
 garbage-first heap   total 98304K, used 79944K [0x0000000080c00000, 0x0000000100000000)
  region size 1024K, 49 young (50176K), 5 survivors (5120K)
 Metaspace       used 70904K, committed 71360K, reserved 1114112K
  class space    used 8777K, committed 9024K, reserved 1048576K
}
Event: 13.873 GC heap after
{Heap after GC invocations=26 (full 0):
 garbage-first heap   total 98304K, used 36210K [0x0000000080c00000, 0x0000000100000000)
  region size 1024K, 5 young (5120K), 5 survivors (5120K)
 Metaspace       used 70904K, committed 71360K, reserved 1114112K
  class space    used 8777K, committed 9024K, reserved 1048576K
}
Event: 14.509 GC heap before
{Heap before GC invocations=26 (full 0):
 garbage-first heap   total 98304K, used 81266K [0x0000000080c00000, 0x0000000100000000)
  region size 1024K, 49 young (50176K), 5 survivors (5120K)
 Metaspace       used 75202K, committed 75776K, reserved 1122304K
  class space    used 9378K, committed 9664K, reserved 1048576K
}
Event: 14.516 GC heap after
{Heap after GC invocations=27 (full 0):
 garbage-first heap   total 98304K, used 39881K [0x0000000080c00000, 0x0000000100000000)
  region size 1024K, 7 young (7168K), 7 survivors (7168K)
 Metaspace       used 75202K, committed 75776K, reserved 1122304K
  class space    used 9378K, committed 9664K, reserved 1048576K
}

